2024-10-02T07:24:35.934Z info: Support Region Data inserted into the database
2024-10-02T07:24:35.936Z info: Support Region Data inserted into the database
2024-10-02T07:24:35.936Z info: Wallet Data inserted into the database
2024-10-02T07:24:35.936Z info: Support Region Data inserted into the database
2024-10-02T07:24:35.936Z info: Support Region Data inserted into the database
2024-10-02T07:24:35.937Z info: Support Region Data inserted into the database
2024-10-02T07:24:35.937Z info: Currency Data inserted into the database with Id: 3
2024-10-02T07:24:35.938Z info: Wallet Data inserted into the database
2024-10-02T07:24:35.938Z info: Currency Data inserted into the database with Id: 4
2024-10-02T07:24:35.938Z info: UserRole Data inserted into the database
2024-10-02T07:24:35.939Z info: UserRole Data inserted into the database
2024-10-02T07:24:35.940Z info: AgentID Data inserted into the database
2024-10-02T07:24:35.941Z info: AgentID Data inserted into the database
2024-10-02T07:24:35.941Z info: AgentID Data inserted into the database
2024-10-02T07:24:35.941Z info: UserRole Data inserted into the database
2024-10-02T07:24:35.941Z info: AgentID Data inserted into the database
2024-10-02T07:24:35.941Z info: AgentID Data inserted into the database
2024-10-02T07:24:35.943Z info: AgentID Data inserted into the database
2024-10-02T07:24:35.943Z info: AgentID Data inserted into the database
2024-10-02T07:24:39.864Z error: ERROR. This ID: HopeID-99915 is an old user but doesn't have an ID in the database
2024-10-02T07:24:40.115Z error: ERROR. This ID: HopeID-99916 is an old user but doesn't have an ID in the database
2024-10-02T07:24:40.354Z error: ERROR. This ID: HopeID-99917 is an old user but doesn't have an ID in the database
2024-10-02T07:24:40.615Z error: ERROR. This ID: HopeID-99918 is an old user but doesn't have an ID in the database
2024-10-02T07:24:40.872Z error: ERROR. This ID: HopeID-99919 is an old user but doesn't have an ID in the database
2024-10-02T07:24:41.084Z error: ERROR. This ID: HopeID-99920 is an old user but doesn't have an ID in the database
2024-10-02T07:24:41.311Z error: ERROR. This ID: HopeID-99921 is a new user but has already been registered
2024-10-02T07:24:41.522Z error: ERROR. This ID: HopeID-99922 is a new user but has already been registered
2024-10-02T07:24:42.013Z info: OK. This ID: HopeID-99923 is validated in old way
2024-10-02T07:24:42.215Z error: ERROR. This ID: HopeID-99924 is a new user but has already been registered
2024-10-02T07:24:42.424Z error: ERROR. This ID: HopeID-99925 is a new user but has already been registered
2024-10-02T07:24:42.716Z error: ERROR. This ID: HopeID-99926 is a new user but has already been registered
2024-10-02T07:24:43.123Z error: ERROR. This ID: HopeID-99927 is a new user but has already been registered
2024-10-02T07:24:43.320Z error: ERROR. This ID: HopeID-99928 is an old user but doesn't have an ID in the database
2024-10-02T07:24:43.324Z error: Error sending the log file: ENOENT: no such file or directory, stat '/Users/kaungphyowai/Projects/Nodejs-Projects/ConvertCSVHopeFuel/logs/app.log'
