2024-10-02T07:29:34.418Z info: Support Region Data inserted into the database
2024-10-02T07:29:34.420Z info: Support Region Data inserted into the database
2024-10-02T07:29:34.420Z info: Support Region Data inserted into the database
2024-10-02T07:29:34.420Z info: Support Region Data inserted into the database
2024-10-02T07:29:34.421Z info: Wallet Data inserted into the database
2024-10-02T07:29:34.421Z info: Support Region Data inserted into the database
2024-10-02T07:29:34.422Z info: Currency Data inserted into the database with Id: 5
2024-10-02T07:29:34.422Z info: Wallet Data inserted into the database
2024-10-02T07:29:34.422Z info: Currency Data inserted into the database with Id: 6
2024-10-02T07:29:34.423Z info: UserRole Data inserted into the database
2024-10-02T07:29:34.425Z info: AgentID Data inserted into the database
2024-10-02T07:29:34.425Z info: AgentID Data inserted into the database
2024-10-02T07:29:34.426Z info: AgentID Data inserted into the database
2024-10-02T07:29:34.426Z info: UserRole Data inserted into the database
2024-10-02T07:29:34.426Z info: UserRole Data inserted into the database
2024-10-02T07:29:34.427Z info: AgentID Data inserted into the database
2024-10-02T07:29:34.427Z info: AgentID Data inserted into the database
2024-10-02T07:29:34.427Z info: AgentID Data inserted into the database
2024-10-02T07:29:34.427Z info: AgentID Data inserted into the database
2024-10-02T07:29:36.544Z error: ERROR. This ID: HopeID-99915 is an old user but doesn't have an ID in the database
2024-10-02T07:29:36.787Z error: ERROR. This ID: HopeID-99916 is an old user but doesn't have an ID in the database
2024-10-02T07:29:36.997Z error: ERROR. This ID: HopeID-99917 is an old user but doesn't have an ID in the database
2024-10-02T07:29:37.210Z error: ERROR. This ID: HopeID-99918 is an old user but doesn't have an ID in the database
2024-10-02T07:29:37.437Z error: ERROR. This ID: HopeID-99919 is an old user but doesn't have an ID in the database
2024-10-02T07:29:37.729Z error: ERROR. This ID: HopeID-99920 is an old user but doesn't have an ID in the database
2024-10-02T07:29:37.950Z error: ERROR. This ID: HopeID-99921 is a new user but has already been registered
2024-10-02T07:29:38.153Z error: ERROR. This ID: HopeID-99922 is a new user but has already been registered
2024-10-02T07:29:38.608Z info: OK. This ID: HopeID-99923 is validated in old way
2024-10-02T07:29:38.854Z error: ERROR. This ID: HopeID-99924 is a new user but has already been registered
2024-10-02T07:29:39.072Z error: ERROR. This ID: HopeID-99925 is a new user but has already been registered
2024-10-02T07:29:39.420Z error: ERROR. This ID: HopeID-99926 is a new user but has already been registered
2024-10-02T07:29:39.646Z error: ERROR. This ID: HopeID-99927 is a new user but has already been registered
2024-10-02T07:29:39.920Z error: ERROR. This ID: HopeID-99928 is an old user but doesn't have an ID in the database
